#
# A fatal error has been detected by the Java Runtime Environment:
#
#  Internal Error (javaClasses.cpp:129), pid=3524, tid=3916
#  fatal error: Invalid layout of preloaded class
#
# JRE version: 7.0_09-b05
# Java VM: Java HotSpot(TM) Client VM (23.5-b02 mixed mode windows-x86 )
# Failed to write core dump. Minidumps are not enabled by default on client versions of Windows
#
# If you would like to submit a bug report, please visit:
#   http://bugreport.sun.com/bugreport/crash.jsp
#

---------------  T H R E A D  ---------------

Current thread (0x0119a800):  JavaThread "Unknown thread" [_thread_in_vm, id=3916, stack(0x01390000,0x013e0000)]

Stack: [0x01390000,0x013e0000],  sp=0x013df708,  free space=317k
Native frames: (J=compiled Java code, j=interpreted, Vv=VM code, C=native code)
V  [jvm.dll+0x16f2f1]
V  [jvm.dll+0x169496]
V  [jvm.dll+0x2082f]
V  [jvm.dll+0x208b6]
V  [jvm.dll+0x2e64d]
V  [jvm.dll+0x2e8f9]
V  [jvm.dll+0x77d01]
V  [jvm.dll+0x780bb]
V  [jvm.dll+0x1290e1]
V  [jvm.dll+0x149b8a]
V  [jvm.dll+0xa997f]
C  [javaw.exe+0x1359]
C  [javaw.exe+0x1dbb]
C  [javaw.exe+0xa0eb]
C  [javaw.exe+0xa175]
C  [KERNEL32.DLL+0x1866]  BaseThreadInitThunk+0x12
C  [ntdll.dll+0x368f1]  LdrInitializeThunk+0x1a3
C  [ntdll.dll+0x3689d]  LdrInitializeThunk+0x14f


---------------  P R O C E S S  ---------------

Java Threads: ( => current thread )

Other Threads:

=>0x0119a800 (exited) JavaThread "Unknown thread" [_thread_in_vm, id=3916, stack(0x01390000,0x013e0000)]

VM state:not at safepoint (not fully initialized)

VM Mutex/Monitor currently owned by a thread: None

GC Heap History (0 events):
No events

Deoptimization events (0 events):
No events

Internal exceptions (0 events):
No events

Events (10 events):
Event: 0.543 loading class 0x02193938 done
Event: 0.543 loading class 0x02174d20 done
Event: 0.543 loading class 0x02174bb8
Event: 0.543 loading class 0x0219ba58
Event: 0.543 loading class 0x0219ba58 done
Event: 0.543 loading class 0x0219ba90
Event: 0.543 loading class 0x0219ba90 done
Event: 0.543 loading class 0x021a4618
Event: 0.543 loading class 0x021a4618 done
Event: 0.543 loading class 0x02174bb8 done


Dynamic libraries:
0x010d0000 - 0x010ff000 	C:\Program Files\Java\jre7\bin\javaw.exe
0x76ee0000 - 0x77047000 	C:\Windows\SYSTEM32\ntdll.dll
0x752f0000 - 0x753e8000 	C:\Windows\system32\KERNEL32.DLL
0x74700000 - 0x747bd000 	C:\Windows\system32\KERNELBASE.dll
0x757b0000 - 0x7585e000 	C:\Windows\system32\ADVAPI32.dll
0x76d20000 - 0x76e41000 	C:\Windows\system32\USER32.dll
0x72510000 - 0x72707000 	C:\Windows\WinSxS\x86_microsoft.windows.common-controls_6595b64144ccf1df_6.0.9200.16384_none_893961408605e985\COMCTL32.dll
0x75660000 - 0x75711000 	C:\Windows\system32\msvcrt.dll
0x75490000 - 0x754c4000 	C:\Windows\SYSTEM32\sechost.dll
0x75070000 - 0x75142000 	C:\Windows\system32\RPCRT4.dll
0x76c10000 - 0x76d1a000 	C:\Windows\system32\GDI32.dll
0x75630000 - 0x7565b000 	C:\Windows\system32\IMM32.DLL
0x74f90000 - 0x7506c000 	C:\Windows\system32\MSCTF.dll
0x6bc10000 - 0x6bcce000 	C:\Program Files\Java\jre7\bin\msvcr100.dll
0x601a0000 - 0x604ed000 	C:\Program Files\Java\jre7\bin\client\jvm.dll
0x69390000 - 0x69398000 	C:\Windows\SYSTEM32\WSOCK32.dll
0x6dbb0000 - 0x6dbd1000 	C:\Windows\SYSTEM32\WINMM.dll
0x76ed0000 - 0x76ed6000 	C:\Windows\system32\PSAPI.DLL
0x76a50000 - 0x76aa0000 	C:\Windows\system32\WS2_32.dll
0x6db80000 - 0x6dbaa000 	C:\Windows\SYSTEM32\WINMMBASE.dll
0x75610000 - 0x75618000 	C:\Windows\system32\NSI.dll
0x70760000 - 0x7076c000 	C:\Program Files\Java\jre7\bin\verify.dll
0x6cf00000 - 0x6cf20000 	C:\Program Files\Java\jre7\bin\java.dll
0x6bbe0000 - 0x6bbf3000 	C:\Program Files\Java\jre7\bin\zip.dll
0x693a0000 - 0x694c9000 	C:\Windows\SYSTEM32\dbghelp.dll

VM Arguments:
jvm_args: -Dfile.encoding=MS874 -Xbootclasspath:D:\adt-bundle-windows-x86\adt-bundle-windows-x86\sdk\platforms\android-10\android.jar 
java_command: teaonly.droideye.HTTPD_Server
Launcher Type: SUN_STANDARD

Environment Variables:
PATH=C:/Program Files/Java/jre7/bin/client;C:/Program Files/Java/jre7/bin;C:/Program Files/Java/jre7/lib/i386;C:\Windows\system32;C:\Windows;C:\Windows\System32\Wbem;C:\Windows\System32\WindowsPowerShell\v1.0\;D:\adt-bundle-windows-x86\adt-bundle-windows-x86\sdk\platform-tools;D:\adt-bundle-windows-x86\adt-bundle-windows-x86\eclipse;
USERNAME=Zyne
OS=Windows_NT
PROCESSOR_IDENTIFIER=x86 Family 6 Model 23 Stepping 6, GenuineIntel



---------------  S Y S T E M  ---------------

OS: Windows 8 Build 9200 

CPU:total 2 (2 cores per cpu, 1 threads per core) family 6 model 23 stepping 6, cmov, cx8, fxsr, mmx, sse, sse2, sse3, ssse3, sse4.1, tsc

Memory: 4k page, physical 2096372k(594044k free), swap 3865844k(1528364k free)

vm_info: Java HotSpot(TM) Client VM (23.5-b02) for windows-x86 JRE (1.7.0_09-b05), built on Sep 24 2012 22:01:33 by "java_re" with unknown MS VC++:1600

time: Sat Dec 08 06:52:09 2012
elapsed time: 0 seconds

